2026-04-20 13:42:55 [INFO] engine.process.Arena: Initialisation de l'arène avec le héros : Goliath
2026-04-20 13:42:55 [INFO] engine.map.TilesManager: Chargement des textures des tuiles
2026-04-20 13:42:55 [INFO] engine.map.TilesManager: Textures chargées avec succès.
2026-04-20 13:42:55 [INFO] engine.process.Arena: héros chargé avec succès
2026-04-20 13:42:56 [INFO] engine.process.Arena: BotManager créé avec 9 bots.
2026-04-20 13:42:56 [INFO] engine.process.Arena: Installation de l'arène terminé.
2026-04-20 13:43:10 [WARN] engine.process.Arena: Pic de deltaTime détecté : 0.1439736
2026-04-20 13:43:24 [WARN] engine.process.Arena: Pic de deltaTime détecté : 0.1430919
2026-04-20 13:43:38 [WARN] engine.process.Arena: Pic de deltaTime détecté : 0.1281342
2026-04-20 13:43:53 [WARN] engine.process.Arena: Pic de deltaTime détecté : 0.128051
2026-04-20 13:44:07 [WARN] engine.process.Arena: Pic de deltaTime détecté : 0.1280333
2026-04-20 13:44:21 [WARN] engine.process.Arena: Pic de deltaTime détecté : 0.1580007
2026-04-20 13:44:35 [WARN] engine.process.Arena: Pic de deltaTime détecté : 0.1271172
2026-04-20 13:44:49 [WARN] engine.process.Arena: Pic de deltaTime détecté : 0.1119078
2026-04-20 13:45:03 [WARN] engine.process.Arena: Pic de deltaTime détecté : 0.1269175
2026-04-20 13:45:17 [WARN] engine.process.Arena: Pic de deltaTime détecté : 0.1279225
2026-04-20 13:45:31 [WARN] engine.process.Arena: Pic de deltaTime détecté : 0.1117584
2026-04-20 13:45:45 [WARN] engine.process.Arena: Pic de deltaTime détecté : 0.1277247
2026-04-20 13:45:59 [WARN] engine.process.Arena: Pic de deltaTime détecté : 0.1279462
2026-04-20 13:46:13 [WARN] engine.process.Arena: Pic de deltaTime détecté : 0.1117124
2026-04-20 13:46:27 [WARN] engine.process.Arena: Pic de deltaTime détecté : 0.1280534
2026-04-20 13:46:42 [WARN] engine.process.Arena: Pic de deltaTime détecté : 0.1120118
2026-04-20 13:46:56 [WARN] engine.process.Arena: Pic de deltaTime détecté : 0.1111009
2026-04-20 13:47:10 [WARN] engine.process.Arena: Pic de deltaTime détecté : 0.1110874
2026-04-20 13:47:24 [WARN] engine.process.Arena: Pic de deltaTime détecté : 0.1118348
2026-04-20 13:47:38 [WARN] engine.process.Arena: Pic de deltaTime détecté : 0.12578
2026-04-20 13:47:52 [WARN] engine.process.Arena: Pic de deltaTime détecté : 0.112112
2026-04-20 13:48:06 [WARN] engine.process.Arena: Pic de deltaTime détecté : 0.1270049
2026-04-20 13:48:20 [WARN] engine.process.Arena: Pic de deltaTime détecté : 0.11195
2026-04-20 13:48:34 [WARN] engine.process.Arena: Pic de deltaTime détecté : 0.1114898
2026-04-20 13:48:48 [WARN] engine.process.Arena: Pic de deltaTime détecté : 0.1109795
2026-04-20 13:49:02 [WARN] engine.process.Arena: Pic de deltaTime détecté : 0.1109604
2026-04-20 13:49:16 [WARN] engine.process.Arena: Pic de deltaTime détecté : 0.1270566
2026-04-20 13:49:30 [WARN] engine.process.Arena: Pic de deltaTime détecté : 0.1119581
2026-04-20 13:57:04 [INFO] engine.process.Arena: Initialisation de l'arène avec le héros : Goliath
2026-04-20 13:57:04 [INFO] engine.map.TilesManager: Chargement des textures des tuiles
2026-04-20 13:57:04 [INFO] engine.map.TilesManager: Textures chargées avec succès.
2026-04-20 13:57:04 [INFO] engine.process.Arena: héros chargé avec succès
2026-04-20 13:57:04 [INFO] engine.process.Arena: BotManager créé avec 9 bots.
2026-04-20 13:57:05 [INFO] engine.process.Arena: Installation de l'arène terminé.
